Determining if the pthread_create exist failed with the following output:
Change Dir: /home/cc/ee106a/fl21/class/ee106a-abw/ros_workspaces/robot_conductor_ryu/build/CMakeFiles/CMakeTmp

Run Build Command:"/usr/bin/make" "cmTC_6e145/fast"
/usr/bin/make -f CMakeFiles/cmTC_6e145.dir/build.make CMakeFiles/cmTC_6e145.dir/build
make[1]: Entering directory '/home/cc/ee106a/fl21/class/ee106a-abw/ros_workspaces/robot_conductor_ryu/build/CMakeFiles/CMakeTmp'
Building C object CMakeFiles/cmTC_6e145.dir/CheckSymbolExists.c.o
/usr/bin/cc     -o CMakeFiles/cmTC_6e145.dir/CheckSymbolExists.c.o   -c /home/cc/ee106a/fl21/class/ee106a-abw/ros_workspaces/robot_conductor_ryu/build/CMakeFiles/CMakeTmp/CheckSymbolExists.c
Linking C executable cmTC_6e145
/usr/bin/cmake -E cmake_link_script CMakeFiles/cmTC_6e145.dir/link.txt --verbose=1
/usr/bin/cc       CMakeFiles/cmTC_6e145.dir/CheckSymbolExists.c.o  -o cmTC_6e145 -rdynamic 
CMakeFiles/cmTC_6e145.dir/CheckSymbolExists.c.o: In function `main':
CheckSymbolExists.c:(.text+0x16): undefined reference to `pthread_create'
collect2: error: ld returned 1 exit status
CMakeFiles/cmTC_6e145.dir/build.make:97: recipe for target 'cmTC_6e145' failed
make[1]: *** [cmTC_6e145] Error 1
make[1]: Leaving directory '/home/cc/ee106a/fl21/class/ee106a-abw/ros_workspaces/robot_conductor_ryu/build/CMakeFiles/CMakeTmp'
Makefile:126: recipe for target 'cmTC_6e145/fast' failed
make: *** [cmTC_6e145/fast] Error 2

File /home/cc/ee106a/fl21/class/ee106a-abw/ros_workspaces/robot_conductor_ryu/build/CMakeFiles/CMakeTmp/CheckSymbolExists.c:
/* */
#include <pthread.h>

int main(int argc, char** argv)
{
  (void)argv;
#ifndef pthread_create
  return ((int*)(&pthread_create))[argc];
#else
  (void)argc;
  return 0;
#endif
}

Determining if the function pthread_create exists in the pthreads failed with the following output:
Change Dir: /home/cc/ee106a/fl21/class/ee106a-abw/ros_workspaces/robot_conductor_ryu/build/CMakeFiles/CMakeTmp

Run Build Command:"/usr/bin/make" "cmTC_8e4ea/fast"
/usr/bin/make -f CMakeFiles/cmTC_8e4ea.dir/build.make CMakeFiles/cmTC_8e4ea.dir/build
make[1]: Entering directory '/home/cc/ee106a/fl21/class/ee106a-abw/ros_workspaces/robot_conductor_ryu/build/CMakeFiles/CMakeTmp'
Building C object CMakeFiles/cmTC_8e4ea.dir/CheckFunctionExists.c.o
/usr/bin/cc    -DCHECK_FUNCTION_EXISTS=pthread_create   -o CMakeFiles/cmTC_8e4ea.dir/CheckFunctionExists.c.o   -c /usr/share/cmake-3.5/Modules/CheckFunctionExists.c
Linking C executable cmTC_8e4ea
/usr/bin/cmake -E cmake_link_script CMakeFiles/cmTC_8e4ea.dir/link.txt --verbose=1
/usr/bin/cc   -DCHECK_FUNCTION_EXISTS=pthread_create    CMakeFiles/cmTC_8e4ea.dir/CheckFunctionExists.c.o  -o cmTC_8e4ea -rdynamic -lpthreads 
/usr/bin/ld: cannot find -lpthreads
collect2: error: ld returned 1 exit status
CMakeFiles/cmTC_8e4ea.dir/build.make:97: recipe for target 'cmTC_8e4ea' failed
make[1]: *** [cmTC_8e4ea] Error 1
make[1]: Leaving directory '/home/cc/ee106a/fl21/class/ee106a-abw/ros_workspaces/robot_conductor_ryu/build/CMakeFiles/CMakeTmp'
Makefile:126: recipe for target 'cmTC_8e4ea/fast' failed
make: *** [cmTC_8e4ea/fast] Error 2


